<?xml version="1.0" encoding="UTF-8"?>
<testng-results skipped="0" failed="0" total="5" passed="5">
  <reporter-output>
  </reporter-output>
  <suite name="Default suite" duration-ms="52533" started-at="2015-10-29T12:24:32Z" finished-at="2015-10-29T12:25:24Z">
    <groups>
    </groups>
    <test name="Default test" duration-ms="52533" started-at="2015-10-29T12:24:32Z" finished-at="2015-10-29T12:25:24Z">
      <class name="com.example.tests.ContactCreationTests">
        <test-method status="PASS" signature="setUp()[pri:0, instance:com.example.tests.ContactCreationTests@5fe5c6f]" name="setUp" is-config="true" duration-ms="9714" started-at="2015-10-29T15:24:32Z" finished-at="2015-10-29T15:24:42Z">
          <reporter-output>
          </reporter-output>
        </test-method> <!-- setUp -->
        <test-method status="PASS" signature="testContactCreationwithValidData(com.example.tests.ContactData)[pri:0, instance:com.example.tests.ContactCreationTests@5fe5c6f]" name="testContactCreationwithValidData" duration-ms="6908" started-at="2015-10-29T15:24:51Z" data-provider="randomvalidContactGenerator" finished-at="2015-10-29T15:24:57Z">
          <params>
            <param index="0">
              <value>
                <![CDATA[ContactData [firstname=test452011151, lastname=test295597513, address=test1288972552, home=test-1670955892, mobile=test-1528297623, work=test1113226638, email=test1575466750, email2=, bday=18, bmonth=February, byear=, group=GroupData [groupname=test-427747195, header=null, footer=null], address2=, phone2=test217312452]]]>
              </value>
            </param>
          </params>
          <reporter-output>
          </reporter-output>
        </test-method> <!-- testContactCreationwithValidData -->
        <test-method status="PASS" signature="testContactCreationwithValidData(com.example.tests.ContactData)[pri:0, instance:com.example.tests.ContactCreationTests@5fe5c6f]" name="testContactCreationwithValidData" duration-ms="7031" started-at="2015-10-29T15:24:57Z" data-provider="randomvalidContactGenerator" finished-at="2015-10-29T15:25:05Z">
          <params>
            <param index="0">
              <value>
                <![CDATA[ContactData [firstname=test1337068155, lastname=test-1021500428, address=test950470386, home=, mobile=test-230090852, work=test583857026, email=test1781082998, email2=test2104324769, bday=4, bmonth=May, byear=1762, group=GroupData [groupname=group_1, header=null, footer=null], address2=test-1283736611, phone2=]]]>
              </value>
            </param>
          </params>
          <reporter-output>
          </reporter-output>
        </test-method> <!-- testContactCreationwithValidData -->
        <test-method status="PASS" signature="testContactCreationwithValidData(com.example.tests.ContactData)[pri:0, instance:com.example.tests.ContactCreationTests@5fe5c6f]" name="testContactCreationwithValidData" duration-ms="6534" started-at="2015-10-29T15:25:05Z" data-provider="randomvalidContactGenerator" finished-at="2015-10-29T15:25:11Z">
          <params>
            <param index="0">
              <value>
                <![CDATA[ContactData [firstname=, lastname=test1087555211, address=test734522341, home=test-1633701563, mobile=test-1276680304, work=test-1138459550, email=test-9462875, email2=test-582924812, bday=11, bmonth=-, byear=1290, group=GroupData [groupname=test697164264, header=null, footer=null], address2=test-1213871969, phone2=]]]>
              </value>
            </param>
          </params>
          <reporter-output>
          </reporter-output>
        </test-method> <!-- testContactCreationwithValidData -->
        <test-method status="PASS" signature="testContactCreationwithValidData(com.example.tests.ContactData)[pri:0, instance:com.example.tests.ContactCreationTests@5fe5c6f]" name="testContactCreationwithValidData" duration-ms="6551" started-at="2015-10-29T15:25:11Z" data-provider="randomvalidContactGenerator" finished-at="2015-10-29T15:25:18Z">
          <params>
            <param index="0">
              <value>
                <![CDATA[ContactData [firstname=, lastname=test884095319, address=, home=test-143253200, mobile=test-1139825896, work=test388295498, email=test-51641997, email2=test699393639, bday=4, bmonth=September, byear=1450, group=GroupData [groupname=group_name_1, header=null, footer=null], address2=, phone2=test1080126236]]]>
              </value>
            </param>
          </params>
          <reporter-output>
          </reporter-output>
        </test-method> <!-- testContactCreationwithValidData -->
        <test-method status="PASS" signature="testContactCreationwithValidData(com.example.tests.ContactData)[pri:0, instance:com.example.tests.ContactCreationTests@5fe5c6f]" name="testContactCreationwithValidData" duration-ms="6275" started-at="2015-10-29T15:25:18Z" data-provider="randomvalidContactGenerator" finished-at="2015-10-29T15:25:24Z">
          <params>
            <param index="0">
              <value>
                <![CDATA[ContactData [firstname=test1157152872, lastname=test-651470158, address=test-648742353, home=test-1864428266, mobile=test2039425610, work=test-432449929, email=, email2=test1782706591, bday=-, bmonth=April, byear=, group=GroupData [groupname=group_1, header=null, footer=null], address2=, phone2=test1162669720]]]>
              </value>
            </param>
          </params>
          <reporter-output>
          </reporter-output>
        </test-method> <!-- testContactCreationwithValidData -->
        <test-method status="PASS" signature="tearDown()[pri:0, instance:com.example.tests.ContactCreationTests@5fe5c6f]" name="tearDown" is-config="true" duration-ms="477" started-at="2015-10-29T15:25:24Z" finished-at="2015-10-29T15:25:24Z">
          <reporter-output>
          </reporter-output>
        </test-method> <!-- tearDown -->
      </class> <!-- com.example.tests.ContactCreationTests -->
    </test> <!-- Default test -->
  </suite> <!-- Default suite -->
</testng-results>
