<?xml version="1.0" encoding="UTF-8"?>
<!-- Generated by org.testng.reporters.JUnitXMLReporter -->
<testsuite hostname="DESKTOP-IUVV739" name="Default test" tests="6" failures="0" timestamp="21 Oct 2015 08:47:20 GMT" time="20.763" errors="0">
  <testcase name="testEmptyContactCreation" time="2.459" classname="com.example.tests.ContactCreationTests"/>
  <testcase name="testNonEmptyContactCreation" time="3.738" classname="com.example.tests.ContactCreationTests"/>
  <testcase name="modifySomeGroup" time="1.348" classname="com.example.tests.GroupModificationTests"/>
  <testcase name="testEmptyGroupCreation" time="1.331" classname="com.example.tests.GroupCreationTests"/>
  <testcase name="testNonEmptyGroupCreation" time="1.496" classname="com.example.tests.GroupCreationTests"/>
  <testcase name="deleteSomeGroup" time="1.016" classname="com.example.tests.GroupRemovalTests"/>
</testsuite> <!-- Default test -->
